<?xml version="1.0" encoding="UTF-8"?>
<!-- Generated by org.testng.reporters.JUnitReportReporter -->
<testsuite hostname="HBPTester" failures="0" tests="1" name="com.test.Database_Testing.Image_Out_Batches" time="20.279" errors="0" timestamp="2024-08-23T10:45:16 IST" skipped="0">
  <testcase classname="com.test.Database_Testing.Image_Out_Batches" name="testDB" time="20.279"/>
</testsuite> <!-- com.test.Database_Testing.Image_Out_Batches -->
