<?xml version="1.0" encoding="UTF-8"?>
<!-- Generated by org.testng.reporters.JUnitReportReporter -->
<testsuite hostname="HBPTester" failures="0" tests="1" name="com.test.Database_Testing.QC_Pending_Batches" time="0.616" errors="0" timestamp="2024-08-23T10:44:18 IST" skipped="0">
  <testcase classname="com.test.Database_Testing.QC_Pending_Batches" name="testDB" time="0.616"/>
</testsuite> <!-- com.test.Database_Testing.QC_Pending_Batches -->
