<?xml version="1.0" encoding="UTF-8"?>
<!-- Generated by org.testng.reporters.JUnitReportReporter -->
<testsuite hostname="HbpSoft" failures="0" tests="1" name="com.test.Database_Testing.demo" time="5.632" errors="0" timestamp="2024-06-13T12:48:27 IST" skipped="0">
  <testcase classname="com.test.Database_Testing.demo" name="testDB" time="5.632"/>
  <system-out/>
</testsuite> <!-- com.test.Database_Testing.demo -->
