<?xml version="1.0" encoding="UTF-8"?>
<!-- Generated by org.testng.reporters.JUnitReportReporter -->
<testsuite hostname="HBPTester" failures="0" tests="1" name="com.test.Database_Testing.Path_Confirmation" time="21.696" errors="0" timestamp="2024-10-01T10:55:26 IST" skipped="0">
  <testcase classname="com.test.Database_Testing.Path_Confirmation" name="testDB" time="21.696"/>
</testsuite> <!-- com.test.Database_Testing.Path_Confirmation -->
